INFO: 2024-10-04 15:33:23,644: main() 'Using profile folder /home/christian/.config/variety/'
INFO: 2024-10-04 15:33:23,645: perform_upgrade() 'Last run version was 0.8.12 or earlier, current version is 0.8.12'
INFO: 2024-10-04 15:33:23,701: process_command() 'Received command: []'
INFO: 2024-10-04 15:33:23,703: start() 'Using data_path /usr/share/variety'
INFO: 2024-10-04 15:33:23,703: load() 'Jumble loading'
INFO: 2024-10-04 15:33:23,703: _walk_modules() 'Jumble loading module in __init__ from /usr/lib/python3.12/site-packages/variety/plugins/builtin/__init__.py'
INFO: 2024-10-04 15:33:23,703: _walk_modules() 'Jumble loading module in GnomeDisplayModesPlugin from /usr/lib/python3.12/site-packages/variety/plugins/builtin/display_modes/GnomeDisplayModesPlugin.py'
INFO: 2024-10-04 15:33:23,703: load() 'Jumble found plugin class: <class 'GnomeDisplayModesPlugin.GnomeDisplayModesPlugin'>: {'name': 'GnomeDisplayModesPlugin', 'description': 'Display modes relying on the underlying desktop environment', 'version': '1.0', 'author': 'Peter Levi'}'
INFO: 2024-10-04 15:33:23,703: _walk_modules() 'Jumble loading module in LegacyDisplayModesPlugin from /usr/lib/python3.12/site-packages/variety/plugins/builtin/display_modes/LegacyDisplayModesPlugin.py'
INFO: 2024-10-04 15:33:23,704: load() 'Jumble found plugin class: <class 'LegacyDisplayModesPlugin.LegacyDisplayModesPlugin'>: {'name': 'LegacyDisplayModesPlugin', 'description': 'Legacy display mode for compatibility with past Variety versions', 'version': '1.0', 'author': 'Peter Levi'}'
INFO: 2024-10-04 15:33:23,704: _walk_modules() 'Jumble loading module in ResizingDisplayModesPlugin from /usr/lib/python3.12/site-packages/variety/plugins/builtin/display_modes/ResizingDisplayModesPlugin.py'
INFO: 2024-10-04 15:33:23,704: load() 'Jumble found plugin class: <class 'ResizingDisplayModesPlugin.ResizingDisplayModesPlugin'>: {'name': 'ResizingDisplayModesPlugin', 'description': 'Display modes that use image resizing within Variety', 'version': '1.0', 'author': 'Peter Levi'}'
INFO: 2024-10-04 15:33:23,704: _walk_modules() 'Jumble loading module in __init__ from /usr/lib/python3.12/site-packages/variety/plugins/builtin/display_modes/__init__.py'
INFO: 2024-10-04 15:33:23,704: _walk_modules() 'Jumble loading module in APODDownloader from /usr/lib/python3.12/site-packages/variety/plugins/builtin/downloaders/APODDownloader.py'
INFO: 2024-10-04 15:33:23,704: load() 'Jumble found plugin class: <class 'APODDownloader.APODDownloader'>: {'name': 'APODDownloader', 'description': 'NASA Astro Pic of the Day', 'author': 'Peter Levi', 'version': '0.1'}'
INFO: 2024-10-04 15:33:23,704: _walk_modules() 'Jumble loading module in ArtStationDownloader from /usr/lib/python3.12/site-packages/variety/plugins/builtin/downloaders/ArtStationDownloader.py'
INFO: 2024-10-04 15:33:23,705: _walk_modules() 'Jumble loading module in ArtStationSource from /usr/lib/python3.12/site-packages/variety/plugins/builtin/downloaders/ArtStationSource.py'
INFO: 2024-10-04 15:33:23,705: load() 'Jumble found plugin class: <class 'ArtStationSource.ArtStationSource'>: {'name': 'ArtStationSource', 'description': 'Configurable source for fetching images from ArtStation', 'author': 'Denis Gordeev', 'version': '0.1'}'
INFO: 2024-10-04 15:33:23,705: _walk_modules() 'Jumble loading module in BingDownloader from /usr/lib/python3.12/site-packages/variety/plugins/builtin/downloaders/BingDownloader.py'
INFO: 2024-10-04 15:33:23,706: load() 'Jumble found plugin class: <class 'BingDownloader.BingDownloader'>: {'name': 'BingDownloader', 'description': 'Bing-Foto des Tages', 'author': 'Peter Levi', 'version': '0.1'}'
INFO: 2024-10-04 15:33:23,706: _walk_modules() 'Jumble loading module in EarthviewDownloader from /usr/lib/python3.12/site-packages/variety/plugins/builtin/downloaders/EarthviewDownloader.py'
INFO: 2024-10-04 15:33:23,706: load() 'Jumble found plugin class: <class 'EarthviewDownloader.EarthviewDownloader'>: {'name': 'EarthviewDownloader', 'description': 'Google Earth View Wallpapers', 'author': 'Peter Levi', 'version': '0.1'}'
INFO: 2024-10-04 15:33:23,706: _walk_modules() 'Jumble loading module in MediaRSSDownloader from /usr/lib/python3.12/site-packages/variety/plugins/builtin/downloaders/MediaRSSDownloader.py'
INFO: 2024-10-04 15:33:23,706: _walk_modules() 'Jumble loading module in MediaRSSSource from /usr/lib/python3.12/site-packages/variety/plugins/builtin/downloaders/MediaRSSSource.py'
INFO: 2024-10-04 15:33:23,707: load() 'Jumble found plugin class: <class 'MediaRSSSource.MediaRSSSource'>: {'name': 'MediaRSSSource', 'description': 'Configurable source for fetching images from MediaRSS feeds', 'author': 'Peter Levi', 'version': '0.1'}'
INFO: 2024-10-04 15:33:23,707: _walk_modules() 'Jumble loading module in NationalGeographicDownloader from /usr/lib/python3.12/site-packages/variety/plugins/builtin/downloaders/NationalGeographicDownloader.py'
INFO: 2024-10-04 15:33:23,707: load() 'Jumble found plugin class: <class 'NationalGeographicDownloader.NationalGeographicDownloader'>: {'name': 'NationalGeographicDownloader', 'description': "National Geographic's photo of the day", 'author': 'Eric RÃ¶sch', 'version': '0.1'}'
INFO: 2024-10-04 15:33:23,707: _walk_modules() 'Jumble loading module in RedditDownloader from /usr/lib/python3.12/site-packages/variety/plugins/builtin/downloaders/RedditDownloader.py'
INFO: 2024-10-04 15:33:23,707: _walk_modules() 'Jumble loading module in RedditSource from /usr/lib/python3.12/site-packages/variety/plugins/builtin/downloaders/RedditSource.py'
INFO: 2024-10-04 15:33:23,708: load() 'Jumble found plugin class: <class 'RedditSource.RedditSource'>: {'name': 'RedditSource', 'description': 'Configurable source for fetching images from Reddit', 'author': 'Peter Levi', 'version': '0.1'}'
INFO: 2024-10-04 15:33:23,708: _walk_modules() 'Jumble loading module in UnsplashConfigurableSource from /usr/lib/python3.12/site-packages/variety/plugins/builtin/downloaders/UnsplashConfigurableSource.py'
INFO: 2024-10-04 15:33:23,708: load() 'Jumble found plugin class: <class 'UnsplashConfigurableSource.UnsplashConfigurableSource'>: {'name': 'UnsplashConfigurableSource', 'description': 'Configurable source for fetching photos from Unsplash.com', 'author': 'Peter Levi', 'version': '0.1'}'
INFO: 2024-10-04 15:33:23,708: _walk_modules() 'Jumble loading module in UnsplashDownloader from /usr/lib/python3.12/site-packages/variety/plugins/builtin/downloaders/UnsplashDownloader.py'
INFO: 2024-10-04 15:33:23,708: load() 'Jumble found plugin class: <class 'UnsplashDownloader.UnsplashDownloader'>: {'name': 'UnsplashDownloader', 'description': 'High-resolution photos from Unsplash.com', 'author': 'Peter Levi', 'version': '0.1'}'
INFO: 2024-10-04 15:33:23,708: _walk_modules() 'Jumble loading module in WallhavenDownloader from /usr/lib/python3.12/site-packages/variety/plugins/builtin/downloaders/WallhavenDownloader.py'
INFO: 2024-10-04 15:33:23,709: _walk_modules() 'Jumble loading module in WallhavenLegacyDownloader from /usr/lib/python3.12/site-packages/variety/plugins/builtin/downloaders/WallhavenLegacyDownloader.py'
INFO: 2024-10-04 15:33:23,709: _walk_modules() 'Jumble loading module in WallhavenSource from /usr/lib/python3.12/site-packages/variety/plugins/builtin/downloaders/WallhavenSource.py'
INFO: 2024-10-04 15:33:23,710: load() 'Jumble found plugin class: <class 'WallhavenSource.WallhavenSource'>: {'name': 'WallhavenSource', 'description': 'Configurable source for fetching images from Wallhaven.cc', 'author': 'Peter Levi', 'version': '0.1'}'
INFO: 2024-10-04 15:33:23,710: _walk_modules() 'Jumble loading module in __init__ from /usr/lib/python3.12/site-packages/variety/plugins/builtin/downloaders/__init__.py'
INFO: 2024-10-04 15:33:23,710: _walk_modules() 'Jumble loading module in FortuneSource from /usr/lib/python3.12/site-packages/variety/plugins/builtin/quotes/FortuneSource.py'
INFO: 2024-10-04 15:33:23,710: load() 'Jumble found plugin class: <class 'FortuneSource.FortuneSource'>: {'name': 'UNIX fortune program', 'description': 'Displays quotes using the UNIX fortune program. You may want to install additional fortune packs, e.g. fortunes-bofh-excuses.', 'author': 'Dan Jones', 'version': '0.1'}'
INFO: 2024-10-04 15:33:23,710: _walk_modules() 'Jumble loading module in GoodreadsSource from /usr/lib/python3.12/site-packages/variety/plugins/builtin/quotes/GoodreadsSource.py'
INFO: 2024-10-04 15:33:23,744: load() 'Jumble found plugin class: <class 'GoodreadsSource.GoodreadsSource'>: {'name': 'Goodreads', 'description': 'Fetches quotes from Goodreads.com', 'author': 'Peter Levi', 'version': '0.1'}'
INFO: 2024-10-04 15:33:23,744: _walk_modules() 'Jumble loading module in LocalFilesSource from /usr/lib/python3.12/site-packages/variety/plugins/builtin/quotes/LocalFilesSource.py'
INFO: 2024-10-04 15:33:23,744: load() 'Jumble found plugin class: <class 'LocalFilesSource.LocalFilesSource'>: {'name': 'Local text files', 'description': 'Displays quotes, defined in local text files.\nPut your own txt files in: ~/.config/variety/pluginconfig/quotes/.\nThe file format is:\n\nquote -- author\n.\nsecond quote -- another author\n.\netc...\n\nExample: http://rvelthuis.de/zips/quotes.txt', 'author': 'Peter Levi', 'version': '0.1'}'
INFO: 2024-10-04 15:33:23,744: _walk_modules() 'Jumble loading module in QuotationsPageSource from /usr/lib/python3.12/site-packages/variety/plugins/builtin/quotes/QuotationsPageSource.py'
INFO: 2024-10-04 15:33:23,745: load() 'Jumble found plugin class: <class 'QuotationsPageSource.QuotationsPageSource'>: {'name': 'TheQuotationsPage.com', 'description': 'Fetches quotes from TheQuotationsPage.com', 'author': 'Peter Levi', 'version': '0.1'}'
INFO: 2024-10-04 15:33:23,745: _walk_modules() 'Jumble loading module in UrbanDictionarySource from /usr/lib/python3.12/site-packages/variety/plugins/builtin/quotes/UrbanDictionarySource.py'
INFO: 2024-10-04 15:33:23,745: load() 'Jumble found plugin class: <class 'UrbanDictionarySource.UrbanDictionarySource'>: {'name': 'Urban Dictionary', 'description': 'Displays definitions from Urban Dictionary', 'author': 'James Miller', 'version': '0.1'}'
INFO: 2024-10-04 15:33:23,745: _walk_modules() 'Jumble loading module in __init__ from /usr/lib/python3.12/site-packages/variety/plugins/builtin/quotes/__init__.py'
INFO: 2024-10-04 15:33:23,749: reload_config() 'Creating new downloader for type wallhaven, location https://wallhaven.cc/search?q=id%3A6645&categories=110&purity=100&atleast=1920x1080&ratios=landscape&sorting=random&order=desc&ai_art_filter=1'
INFO: 2024-10-04 15:33:23,749: reload_config() 'Creating new downloader for type reddit, location https://www.reddit.com/r/EarthPorn/top/?t=all'
INFO: 2024-10-04 15:33:23,749: reload_config() 'Creating new downloader for type wallhaven, location https://wallhaven.cc/search?q=id%3A1463&categories=100&purity=100&atleast=1920x1080&ratios=landscape&topRange=1y&sorting=favorites&order=desc&ai_art_filter=1'
INFO: 2024-10-04 15:33:23,750: log_options() 'Loaded options:'
INFO: 2024-10-04 15:33:23,750: log_options() 'change_enabled = False'
INFO: 2024-10-04 15:33:23,750: log_options() 'change_interval = 300'
INFO: 2024-10-04 15:33:23,750: log_options() 'change_on_start = False'
INFO: 2024-10-04 15:33:23,750: log_options() 'clipboard_enabled = False'
INFO: 2024-10-04 15:33:23,750: log_options() 'clipboard_hosts = ['wallhaven.cc', 'wallpapers.net', 'flickr.com', 'imgur.com', 'deviantart.com', 'interfacelift.com', 'vladstudio.com', 'imageshack.us', 'deviantart.net', 'imageshack.com']'
INFO: 2024-10-04 15:33:23,750: log_options() 'clipboard_use_whitelist = True'
INFO: 2024-10-04 15:33:23,750: log_options() 'clock_date_font = Serif 30'
INFO: 2024-10-04 15:33:23,750: log_options() 'clock_enabled = False'
INFO: 2024-10-04 15:33:23,750: log_options() 'clock_filter = -density 100 -font `fc-match -f '%{file[0]}' '%CLOCK_FONT_NAME'` -pointsize %CLOCK_FONT_SIZE -gravity SouthEast -fill '#00000044' -annotate 0x0+[%HOFFSET+58]+[%VOFFSET+108] '%H:%M' -fill white -annotate 0x0+[%HOFFSET+60]+[%VOFFSET+110] '%H:%M' -font `fc-match -f '%{file[0]}' '%DATE_FONT_NAME'` -pointsize %DATE_FONT_SIZE -fill '#00000044' -annotate 0x0+[%HOFFSET+58]+[%VOFFSET+58] '%A, %B %d' -fill white -annotate 0x0+[%HOFFSET+60]+[%VOFFSET+60] '%A, %B %d''
INFO: 2024-10-04 15:33:23,751: log_options() 'clock_font = Serif 70'
INFO: 2024-10-04 15:33:23,751: log_options() 'configfile = /home/christian/.config/variety/variety.conf'
INFO: 2024-10-04 15:33:23,751: log_options() 'copyto_enabled = False'
INFO: 2024-10-04 15:33:23,751: log_options() 'copyto_folder = /home/christian/Bilder/variety'
INFO: 2024-10-04 15:33:23,751: log_options() 'desired_color = [160, 160, 160]'
INFO: 2024-10-04 15:33:23,751: log_options() 'desired_color_enabled = False'
INFO: 2024-10-04 15:33:23,751: log_options() 'download_folder = /home/christian/.config/variety/Downloaded'
INFO: 2024-10-04 15:33:23,751: log_options() 'download_preference_ratio = 0.9'
INFO: 2024-10-04 15:33:23,751: log_options() 'favorites_folder = /home/christian/Bilder/variety/favourites'
INFO: 2024-10-04 15:33:23,751: log_options() 'favorites_operations = [['Downloaded', 'Copy'], ['Fetched', 'Move'], ['Others', 'Copy']]'
INFO: 2024-10-04 15:33:23,751: log_options() 'fetched_folder = /home/christian/Bilder/variety/fetched'
INFO: 2024-10-04 15:33:23,751: log_options() 'filters = [[False, 'Keep original', ''], [False, 'Grayscale', '-type Grayscale'], [False, 'Heavy blur', '-scale 20% -blur 0x10 -resize 500%'], [False, 'Soft blur', '-scale 20% -blur 0x2 -resize 500%'], [False, 'Oil painting', '-paint 8'], [False, 'Pointilism', '-spread 10 -noise 3'], [False, 'Pixellate', '-scale 3% -scale 3333%']]'
INFO: 2024-10-04 15:33:23,751: log_options() 'get_wallpaper_script = /home/christian/.config/variety/scripts/get_wallpaper'
INFO: 2024-10-04 15:33:23,751: log_options() 'icon = Light'
INFO: 2024-10-04 15:33:23,751: log_options() 'internet_enabled = True'
INFO: 2024-10-04 15:33:23,751: log_options() 'lightness_enabled = False'
INFO: 2024-10-04 15:33:23,751: log_options() 'lightness_mode = 0'
INFO: 2024-10-04 15:33:23,751: log_options() 'min_rating = 4'
INFO: 2024-10-04 15:33:23,751: log_options() 'min_rating_enabled = False'
INFO: 2024-10-04 15:33:23,751: log_options() 'min_size = 100'
INFO: 2024-10-04 15:33:23,751: log_options() 'min_size_enabled = True'
INFO: 2024-10-04 15:33:23,751: log_options() 'quota_enabled = True'
INFO: 2024-10-04 15:33:23,751: log_options() 'quota_size = 1000'
INFO: 2024-10-04 15:33:23,751: log_options() 'quotes_authors = '
INFO: 2024-10-04 15:33:23,751: log_options() 'quotes_bg_color = [36, 31, 49]'
INFO: 2024-10-04 15:33:23,751: log_options() 'quotes_bg_opacity = 55'
INFO: 2024-10-04 15:33:23,751: log_options() 'quotes_change_enabled = False'
INFO: 2024-10-04 15:33:23,751: log_options() 'quotes_change_interval = 18000'
INFO: 2024-10-04 15:33:23,751: log_options() 'quotes_disabled_sources = ['Goodreads', 'Local text files', 'TheQuotationsPage.com', 'Urban Dictionary']'
INFO: 2024-10-04 15:33:23,751: log_options() 'quotes_enabled = True'
INFO: 2024-10-04 15:33:23,751: log_options() 'quotes_favorites_file = /home/christian/.config/variety/favorite_quotes.txt'
INFO: 2024-10-04 15:33:23,751: log_options() 'quotes_font = IBM Plex Serif Bold 15'
INFO: 2024-10-04 15:33:23,751: log_options() 'quotes_hpos = 100'
INFO: 2024-10-04 15:33:23,751: log_options() 'quotes_max_length = 250'
INFO: 2024-10-04 15:33:23,751: log_options() 'quotes_tags = '
INFO: 2024-10-04 15:33:23,751: log_options() 'quotes_text_color = [255, 255, 255]'
INFO: 2024-10-04 15:33:23,751: log_options() 'quotes_text_shadow = False'
INFO: 2024-10-04 15:33:23,751: log_options() 'quotes_vpos = 10'
INFO: 2024-10-04 15:33:23,751: log_options() 'quotes_width = 70'
INFO: 2024-10-04 15:33:23,751: log_options() 'safe_mode = False'
INFO: 2024-10-04 15:33:23,751: log_options() 'set_wallpaper_script = /home/christian/.config/variety/scripts/set_wallpaper'
INFO: 2024-10-04 15:33:23,751: log_options() 'slideshow_custom_enabled = False'
INFO: 2024-10-04 15:33:23,751: log_options() 'slideshow_custom_folder = /home/christian/Bilder'
INFO: 2024-10-04 15:33:23,751: log_options() 'slideshow_downloads_enabled = False'
INFO: 2024-10-04 15:33:23,751: log_options() 'slideshow_fade = 0.4'
INFO: 2024-10-04 15:33:23,751: log_options() 'slideshow_favorites_enabled = True'
INFO: 2024-10-04 15:33:23,751: log_options() 'slideshow_mode = Fullscreen'
INFO: 2024-10-04 15:33:23,751: log_options() 'slideshow_monitor = All'
INFO: 2024-10-04 15:33:23,751: log_options() 'slideshow_pan = 0.05'
INFO: 2024-10-04 15:33:23,751: log_options() 'slideshow_seconds = 6.0'
INFO: 2024-10-04 15:33:23,751: log_options() 'slideshow_sort_order = Random'
INFO: 2024-10-04 15:33:23,751: log_options() 'slideshow_sources_enabled = True'
INFO: 2024-10-04 15:33:23,751: log_options() 'slideshow_zoom = 0.2'
INFO: 2024-10-04 15:33:23,751: log_options() 'smart_enabled = False'
INFO: 2024-10-04 15:33:23,751: log_options() 'smart_notice_shown = False'
INFO: 2024-10-04 15:33:23,751: log_options() 'smart_register_shown = False'
INFO: 2024-10-04 15:33:23,752: log_options() 'sources = [[True, 'favorites', 'The Favorites folder'], [True, 'fetched', 'The Fetched folder'], [False, 'folder', '/usr/share/backgrounds'], [False, 'apod', "NASA's Astronomy Picture of the Day"], [False, 'bing', 'Bing Photo of the Day'], [False, 'earthview', 'Google Earth View Wallpapers'], [False, 'natgeo', "National Geographic's photo of the day"], [False, 'unsplash', 'High-resolution photos from Unsplash.com'], [True, 'wallhaven', 'https://wallhaven.cc/search?q=id%3A6645&categories=110&purity=100&atleast=1920x1080&ratios=landscape&sorting=random&order=desc&ai_art_filter=1'], [True, 'reddit', 'https://www.reddit.com/r/EarthPorn/top/?t=all'], [True, 'wallhaven', 'https://wallhaven.cc/search?q=id%3A1463&categories=100&purity=100&atleast=1920x1080&ratios=landscape&topRange=1y&sorting=favorites&order=desc&ai_art_filter=1']]'
INFO: 2024-10-04 15:33:23,752: log_options() 'stats_enabled = True'
INFO: 2024-10-04 15:33:23,752: log_options() 'stats_notice_shown = False'
INFO: 2024-10-04 15:33:23,752: log_options() 'sync_enabled = True'
INFO: 2024-10-04 15:33:23,752: log_options() 'use_landscape_enabled = True'
INFO: 2024-10-04 15:33:23,752: log_options() 'wallhaven_api_key = '
INFO: 2024-10-04 15:33:23,752: log_options() 'wallpaper_auto_rotate = False'
INFO: 2024-10-04 15:33:23,752: log_options() 'wallpaper_display_mode = os'
INFO: 2024-10-04 15:33:23,752: reload_config() 'No need to clear prepared queue'
INFO: 2024-10-04 15:33:23,752: start() 'Starting QuotesEngine'
INFO: 2024-10-04 15:33:23,752: prepare_thread() 'Quotes prepare thread running'
INFO: 2024-10-04 15:33:23,752: prepare_thread() 'Quotes prepared buffer contains 0 quotes, fetching a quote'
INFO: 2024-10-04 15:33:23,752: regular_change_thread() 'Quotes regular change thread running'
INFO: 2024-10-04 15:33:23,752: on_options_updated() 'Quotes: clearing prepared and updating plugins'
INFO: 2024-10-04 15:33:23,753: update_indicator() 'Setting file info to: /home/christian/.config/variety/Downloaded/wallhaven_wallhaven_cc_search_q_id_3A6645_categories_110_purity_100_atleast_1920x1080_ratios_landscape_sorti9e315b5971/wallhaven-g856jd.jpg'
INFO: 2024-10-04 15:33:23,753: load_banned() 'Missing or invalid banned URLs list, no URLs will be banned'
INFO: 2024-10-04 15:33:23,754: load_last_change_time() 'Change interval < 6 hours, ignore persisted last_change_time, wait initially the whole interval: 300'
INFO: 2024-10-04 15:33:23,754: update_indicator() 'Setting file info to: /home/christian/.config/variety/Downloaded/wallhaven_wallhaven_cc_search_q_id_3A6645_categories_110_purity_100_atleast_1920x1080_ratios_landscape_sorti9e315b5971/wallhaven-g856jd.jpg'
INFO: 2024-10-04 15:33:23,754: regular_change_thread() 'regular_change thread running'
INFO: 2024-10-04 15:33:23,754: regular_change_thread() 'regular_change: waiting till user resumes'
INFO: 2024-10-04 15:33:23,754: prepare_thread() 'Prepare thread running'
INFO: 2024-10-04 15:33:23,755: prepare_thread() 'Prepared buffer contains 0 images'
INFO: 2024-10-04 15:33:23,755: prepare_thread() 'Preparing some images'
INFO: 2024-10-04 15:33:23,755: update_indicator_icon() 'Creating indicator'
INFO: 2024-10-04 15:33:23,783: do_set_wp() 'Calling do_set_wp with /home/christian/.config/variety/Downloaded/wallhaven_wallhaven_cc_search_q_id_3A6645_categories_110_purity_100_atleast_1920x1080_ratios_landscape_sorti9e315b5971/wallhaven-g856jd.jpg, time: 1728048803.783655'
WARNING: 2024-10-04 15:33:23,790: create_menu() 'Variety Slideshow is not installed. This is an optional extension adding pan-and-zoom slideshows to Variety: see https://github.com/peterlevi/variety-slideshow for details'
INFO: 2024-10-04 15:33:23,790: create_indicator() 'indicator backend: AyatanaAppIndicator3'
INFO: 2024-10-04 15:33:23,800: set_from_theme_icon() 'Showing indicator icon variety-indicator from GTK theme'
INFO: 2024-10-04 15:33:23,810: prepare_thread() 'After search prepared buffer contains 86 images'
INFO: 2024-10-04 15:33:23,892: compute_trimmed_offsets() 'Trimmed offsets debug info: w:1920, h:1080, ratio:1.777778, iw:1920, ih:1200, scw:1920, sch:1200, ho:0, vo:60'
INFO: 2024-10-04 15:33:23,929: update_indicator() 'Setting file info to: /home/christian/.config/variety/Downloaded/wallhaven_wallhaven_cc_search_q_id_3A6645_categories_110_purity_100_atleast_1920x1080_ratios_landscape_sorti9e315b5971/wallhaven-g856jd.jpg'
INFO: 2024-10-04 15:33:23,930: list_files() 'More than 1 files in the folders, stop listing'
INFO: 2024-10-04 15:33:24,783: do_set_wp() 'Calling do_set_wp with /home/christian/.config/variety/Downloaded/wallhaven_wallhaven_cc_search_q_id_3A6645_categories_110_purity_100_atleast_1920x1080_ratios_landscape_sorti9e315b5971/wallhaven-g856jd.jpg, time: 1728048804.783963'
INFO: 2024-10-04 15:33:25,059: reload() 'Reloading preferences dialog'
INFO: 2024-10-04 15:33:25,153: compute_trimmed_offsets() 'Trimmed offsets debug info: w:1920, h:1080, ratio:1.777778, iw:1920, ih:1200, scw:1920, sch:1200, ho:0, vo:60'
INFO: 2024-10-04 15:33:25,177: update_indicator() 'Setting file info to: /home/christian/.config/variety/Downloaded/wallhaven_wallhaven_cc_search_q_id_3A6645_categories_110_purity_100_atleast_1920x1080_ratios_landscape_sorti9e315b5971/wallhaven-g856jd.jpg'
INFO: 2024-10-04 15:33:25,178: list_files() 'More than 1 files in the folders, stop listing'
INFO: 2024-10-04 15:33:25,783: prepare_thread() 'Quotes prepared buffer contains 0 quotes, fetching a quote'
INFO: 2024-10-04 15:33:25,810: trigger_download() 'Triggering download thread to check if download needed and possible'
INFO: 2024-10-04 15:33:27,802: prepare_thread() 'Quotes prepared buffer contains 1 quotes, fetching a quote'
INFO: 2024-10-04 15:33:29,820: prepare_thread() 'Quotes prepared buffer contains 2 quotes, fetching a quote'
INFO: 2024-10-04 15:33:31,837: prepare_thread() 'Quotes prepared buffer contains 3 quotes, fetching a quote'
WARNING: 2024-10-04 15:33:31,863: get_one_quote() 'No quotes for '' for plugin UNIX fortune program'
INFO: 2024-10-04 15:33:33,874: prepare_thread() 'Quotes prepared buffer contains 3 quotes, fetching a quote'
INFO: 2024-10-04 15:33:35,889: prepare_thread() 'Quotes prepared buffer contains 4 quotes, fetching a quote'
INFO: 2024-10-04 15:33:37,903: prepare_thread() 'Quotes prepared buffer contains 5 quotes, fetching a quote'
INFO: 2024-10-04 15:33:39,921: prepare_thread() 'Quotes prepared buffer contains 6 quotes, fetching a quote'
INFO: 2024-10-04 15:33:41,941: prepare_thread() 'Quotes prepared buffer contains 7 quotes, fetching a quote'
INFO: 2024-10-04 15:33:43,755: server_options_thread() 'Fetching server options from http://tiny.cc/variety-options-063'
INFO: 2024-10-04 15:33:43,964: prepare_thread() 'Quotes prepared buffer contains 8 quotes, fetching a quote'
ERROR: 2024-10-04 15:33:44,244: server_options_thread() 'Could not fetch Variety serverside options'
Traceback (most recent call last):
  File "/usr/lib/python3.12/site-packages/requests/models.py", line 974, in json
    return complexjson.loads(self.text, **kwargs)
           ^^^^^^^^^^^^^^^^^^^^^^^^^^^^^^^^^^^^^^
  File "/usr/lib/python3.12/json/__init__.py", line 346, in loads
    return _default_decoder.decode(s)
           ^^^^^^^^^^^^^^^^^^^^^^^^^^
  File "/usr/lib/python3.12/json/decoder.py", line 337, in decode
    obj, end = self.raw_decode(s, idx=_w(s, 0).end())
               ^^^^^^^^^^^^^^^^^^^^^^^^^^^^^^^^^^^^^^
  File "/usr/lib/python3.12/json/decoder.py", line 355, in raw_decode
    raise JSONDecodeError("Expecting value", s, err.value) from None
json.decoder.JSONDecodeError: Expecting value: line 1 column 1 (char 0)

During handling of the above exception, another exception occurred:

Traceback (most recent call last):
  File "/usr/lib/python3.12/site-packages/variety/VarietyWindow.py", line 1084, in server_options_thread
    self.server_options = Util.fetch_json(VarietyWindow.SERVERSIDE_OPTIONS_URL)
                          ^^^^^^^^^^^^^^^^^^^^^^^^^^^^^^^^^^^^^^^^^^^^^^^^^^^^^
  File "/usr/lib/python3.12/site-packages/variety/Util.py", line 684, in fetch_json
    return Util.request(url, data, **request_kwargs).json()
           ^^^^^^^^^^^^^^^^^^^^^^^^^^^^^^^^^^^^^^^^^^^^^^^^
  File "/usr/lib/python3.12/site-packages/requests/models.py", line 978, in json
    raise RequestsJSONDecodeError(e.msg, e.doc, e.pos)
requests.exceptions.JSONDecodeError: Expecting value: line 1 column 1 (char 0)
INFO: 2024-10-04 15:33:45,986: prepare_thread() 'Quotes prepared buffer contains 9 quotes, fetching a quote'
WARNING: 2024-10-04 15:33:46,009: get_one_quote() 'No quotes for '' for plugin UNIX fortune program'
INFO: 2024-10-04 15:33:48,009: prepare_thread() 'Quotes prepared buffer contains 9 quotes, fetching a quote'
INFO: 2024-10-04 15:34:14,246: server_options_thread() 'Fetching server options from http://tiny.cc/variety-options-063'
ERROR: 2024-10-04 15:34:14,755: server_options_thread() 'Could not fetch Variety serverside options'
Traceback (most recent call last):
  File "/usr/lib/python3.12/site-packages/requests/models.py", line 974, in json
    return complexjson.loads(self.text, **kwargs)
           ^^^^^^^^^^^^^^^^^^^^^^^^^^^^^^^^^^^^^^
  File "/usr/lib/python3.12/json/__init__.py", line 346, in loads
    return _default_decoder.decode(s)
           ^^^^^^^^^^^^^^^^^^^^^^^^^^
  File "/usr/lib/python3.12/json/decoder.py", line 337, in decode
    obj, end = self.raw_decode(s, idx=_w(s, 0).end())
               ^^^^^^^^^^^^^^^^^^^^^^^^^^^^^^^^^^^^^^
  File "/usr/lib/python3.12/json/decoder.py", line 355, in raw_decode
    raise JSONDecodeError("Expecting value", s, err.value) from None
json.decoder.JSONDecodeError: Expecting value: line 1 column 1 (char 0)

During handling of the above exception, another exception occurred:

Traceback (most recent call last):
  File "/usr/lib/python3.12/site-packages/variety/VarietyWindow.py", line 1084, in server_options_thread
    self.server_options = Util.fetch_json(VarietyWindow.SERVERSIDE_OPTIONS_URL)
                          ^^^^^^^^^^^^^^^^^^^^^^^^^^^^^^^^^^^^^^^^^^^^^^^^^^^^^
  File "/usr/lib/python3.12/site-packages/variety/Util.py", line 684, in fetch_json
    return Util.request(url, data, **request_kwargs).json()
           ^^^^^^^^^^^^^^^^^^^^^^^^^^^^^^^^^^^^^^^^^^^^^^^^
  File "/usr/lib/python3.12/site-packages/requests/models.py", line 978, in json
    raise RequestsJSONDecodeError(e.msg, e.doc, e.pos)
requests.exceptions.JSONDecodeError: Expecting value: line 1 column 1 (char 0)
INFO: 2024-10-04 15:34:44,757: server_options_thread() 'Fetching server options from http://tiny.cc/variety-options-063'
ERROR: 2024-10-04 15:34:45,238: server_options_thread() 'Could not fetch Variety serverside options'
Traceback (most recent call last):
  File "/usr/lib/python3.12/site-packages/requests/models.py", line 974, in json
    return complexjson.loads(self.text, **kwargs)
           ^^^^^^^^^^^^^^^^^^^^^^^^^^^^^^^^^^^^^^
  File "/usr/lib/python3.12/json/__init__.py", line 346, in loads
    return _default_decoder.decode(s)
           ^^^^^^^^^^^^^^^^^^^^^^^^^^
  File "/usr/lib/python3.12/json/decoder.py", line 337, in decode
    obj, end = self.raw_decode(s, idx=_w(s, 0).end())
               ^^^^^^^^^^^^^^^^^^^^^^^^^^^^^^^^^^^^^^
  File "/usr/lib/python3.12/json/decoder.py", line 355, in raw_decode
    raise JSONDecodeError("Expecting value", s, err.value) from None
json.decoder.JSONDecodeError: Expecting value: line 1 column 1 (char 0)

During handling of the above exception, another exception occurred:

Traceback (most recent call last):
  File "/usr/lib/python3.12/site-packages/variety/VarietyWindow.py", line 1084, in server_options_thread
    self.server_options = Util.fetch_json(VarietyWindow.SERVERSIDE_OPTIONS_URL)
                          ^^^^^^^^^^^^^^^^^^^^^^^^^^^^^^^^^^^^^^^^^^^^^^^^^^^^^
  File "/usr/lib/python3.12/site-packages/variety/Util.py", line 684, in fetch_json
    return Util.request(url, data, **request_kwargs).json()
           ^^^^^^^^^^^^^^^^^^^^^^^^^^^^^^^^^^^^^^^^^^^^^^^^
  File "/usr/lib/python3.12/site-packages/requests/models.py", line 978, in json
    raise RequestsJSONDecodeError(e.msg, e.doc, e.pos)
requests.exceptions.JSONDecodeError: Expecting value: line 1 column 1 (char 0)
INFO: 2024-10-04 15:35:15,239: server_options_thread() 'Fetching server options from http://tiny.cc/variety-options-063'
ERROR: 2024-10-04 15:35:15,759: server_options_thread() 'Could not fetch Variety serverside options'
Traceback (most recent call last):
  File "/usr/lib/python3.12/site-packages/requests/models.py", line 974, in json
    return complexjson.loads(self.text, **kwargs)
           ^^^^^^^^^^^^^^^^^^^^^^^^^^^^^^^^^^^^^^
  File "/usr/lib/python3.12/json/__init__.py", line 346, in loads
    return _default_decoder.decode(s)
           ^^^^^^^^^^^^^^^^^^^^^^^^^^
  File "/usr/lib/python3.12/json/decoder.py", line 337, in decode
    obj, end = self.raw_decode(s, idx=_w(s, 0).end())
               ^^^^^^^^^^^^^^^^^^^^^^^^^^^^^^^^^^^^^^
  File "/usr/lib/python3.12/json/decoder.py", line 355, in raw_decode
    raise JSONDecodeError("Expecting value", s, err.value) from None
json.decoder.JSONDecodeError: Expecting value: line 1 column 1 (char 0)

During handling of the above exception, another exception occurred:

Traceback (most recent call last):
  File "/usr/lib/python3.12/site-packages/variety/VarietyWindow.py", line 1084, in server_options_thread
    self.server_options = Util.fetch_json(VarietyWindow.SERVERSIDE_OPTIONS_URL)
                          ^^^^^^^^^^^^^^^^^^^^^^^^^^^^^^^^^^^^^^^^^^^^^^^^^^^^^
  File "/usr/lib/python3.12/site-packages/variety/Util.py", line 684, in fetch_json
    return Util.request(url, data, **request_kwargs).json()
           ^^^^^^^^^^^^^^^^^^^^^^^^^^^^^^^^^^^^^^^^^^^^^^^^
  File "/usr/lib/python3.12/site-packages/requests/models.py", line 978, in json
    raise RequestsJSONDecodeError(e.msg, e.doc, e.pos)
requests.exceptions.JSONDecodeError: Expecting value: line 1 column 1 (char 0)
INFO: 2024-10-04 15:35:45,760: server_options_thread() 'Fetching server options from http://tiny.cc/variety-options-063'
ERROR: 2024-10-04 15:35:46,270: server_options_thread() 'Could not fetch Variety serverside options'
Traceback (most recent call last):
  File "/usr/lib/python3.12/site-packages/requests/models.py", line 974, in json
    return complexjson.loads(self.text, **kwargs)
           ^^^^^^^^^^^^^^^^^^^^^^^^^^^^^^^^^^^^^^
  File "/usr/lib/python3.12/json/__init__.py", line 346, in loads
    return _default_decoder.decode(s)
           ^^^^^^^^^^^^^^^^^^^^^^^^^^
  File "/usr/lib/python3.12/json/decoder.py", line 337, in decode
    obj, end = self.raw_decode(s, idx=_w(s, 0).end())
               ^^^^^^^^^^^^^^^^^^^^^^^^^^^^^^^^^^^^^^
  File "/usr/lib/python3.12/json/decoder.py", line 355, in raw_decode
    raise JSONDecodeError("Expecting value", s, err.value) from None
json.decoder.JSONDecodeError: Expecting value: line 1 column 1 (char 0)

During handling of the above exception, another exception occurred:

Traceback (most recent call last):
  File "/usr/lib/python3.12/site-packages/variety/VarietyWindow.py", line 1084, in server_options_thread
    self.server_options = Util.fetch_json(VarietyWindow.SERVERSIDE_OPTIONS_URL)
                          ^^^^^^^^^^^^^^^^^^^^^^^^^^^^^^^^^^^^^^^^^^^^^^^^^^^^^
  File "/usr/lib/python3.12/site-packages/variety/Util.py", line 684, in fetch_json
    return Util.request(url, data, **request_kwargs).json()
           ^^^^^^^^^^^^^^^^^^^^^^^^^^^^^^^^^^^^^^^^^^^^^^^^
  File "/usr/lib/python3.12/site-packages/requests/models.py", line 978, in json
    raise RequestsJSONDecodeError(e.msg, e.doc, e.pos)
requests.exceptions.JSONDecodeError: Expecting value: line 1 column 1 (char 0)
